C51 COMPILER V9.01   MAINX                                                                 11/18/2019 11:50:23 PAGE 1   


C51 COMPILER V9.01, COMPILATION OF MODULE MAINX
OBJECT MODULE PLACED IN mainX.OBJ
COMPILER INVOKED BY: C:\dev\Keil\C51\BIN\C51.EXE mainX.c BROWSE DEBUG OBJECTEXTEND

line level    source

   1          #include<reg51.h>          
   2          #include<intrins.h>   
   3          #include<string.h>     
   4          #include<stdio.h>
   5          
   6          #define INT8U  unsigned char
   7          #define INT16U unsigned int
   8          #define INT32U unsigned long
   9          #define MC 1388
  10          #define BC -5
  11          #define KC 2
  12          
  13          //共阴极七段数码管的编码
  14          INT8U code segment7[] = {0x3f,0x06,0x5b,0x4f,0x66,0x6d,0x7d,0x07,0x7f,0x6f};
  15          INT8U numstr[4] = "123";
  16          sbit beeppin = P1^0;
  17          
  18          extern INT8U Get_AD_Result();
  19          extern void serialInputData(INT8U dat);
  20          extern void paralledOutputData();
  21          
  22          void beep()
  23          {
  24   1              INT8U i=0, j=120;
  25   1              beeppin = 1;
  26   1              for(i=0; i<60; i++)
  27   1              {
  28   2                      beeppin = !beeppin;
  29   2                      j=120;
  30   2                      while(j--);
  31   2              }
  32   1      }
  33          
  34          float getDistance()
  35          {
  36   1              float d=0.00, sum=0, avg=0;
  37   1              INT8U i=0;
  38   1              
  39   1              for(i=0; i<10; i++)
  40   1              {
  41   2                      sum = sum + Get_AD_Result();
  42   2              }
  43   1              avg = (INT8U)(sum/10.0);
  44   1              d = ( (MC*1.0) / ((avg+BC)*1.0) ) - (KC*1.0);
  45   1              return d;
  46   1      }
  47          
  48          void distance2numstr(float d)
  49          {
  50   1              INT16U dis = (INT16U)(d*10); 
  51   1              numstr[0] = dis/100+'0';
  52   1              numstr[1] = ((dis/10)%10)+'0';
  53   1              numstr[2] = dis%10+'0';
  54   1      }
  55          
C51 COMPILER V9.01   MAINX                                                                 11/18/2019 11:50:23 PAGE 2   

  56          void main()
  57          {
  58   1              float dis = 0;
  59   1              while(1)
  60   1              {
  61   2                      dis = getDistance();
  62   2                      if(dis<30)
  63   2                              beep();
  64   2                      distance2numstr(dis);
  65   2                      serialInputData(~segment7[numstr[2]-'0']);
  66   2                      serialInputData((~segment7[numstr[1]-'0'])&0x7F);
  67   2                      serialInputData(~segment7[numstr[0]-'0']);
  68   2                      paralledOutputData();
  69   2              }
  70   1      }


MODULE INFORMATION:   STATIC OVERLAYABLE
   CODE SIZE        =    370    ----
   CONSTANT SIZE    =     10    ----
   XDATA SIZE       =   ----    ----
   PDATA SIZE       =   ----    ----
   DATA SIZE        =      4      21
   IDATA SIZE       =   ----    ----
   BIT SIZE         =   ----    ----
END OF MODULE INFORMATION.


C51 COMPILATION COMPLETE.  0 WARNING(S),  0 ERROR(S)
