C51 COMPILER V9.01   DS18B20TEMP                                                           11/04/2019 16:36:59 PAGE 1   


C51 COMPILER V9.01, COMPILATION OF MODULE DS18B20TEMP
OBJECT MODULE PLACED IN DS18B20temp.OBJ
COMPILER INVOKED BY: C:\dev\Keil\C51\BIN\C51.EXE DS18B20temp.c BROWSE DEBUG OBJECTEXTEND

line level    source

   1          #include<reg51.h>//register
   2          #include<intrins.h>//_nop_() _crol_()
   3          
   4          #define INT8U unsigned char
   5          #define INT16U unsigned int
   6          #define delay4us();     {_nop_();_nop_();_nop_();_nop_();}
   7          
   8          extern void delay_ms(INT16U x);
   9          
  10          sbit DQ=P3^3;
  11          
  12          INT8U tempValue[]={0x00,0x00};  //温度数据的低8位与高8位
  13          
  14          /**
  15          * 延时函数 针对12Mhz的晶振
  16          * _nop_()相当于一个机器周期（12个振荡周期） --> 1us
  17          *
  18          *@param x 延时时间（单位us）
  19          *@return
  20          */
  21          void delay_us(INT16U x)
  22          {
  23   1              while(x--)
  24   1                      _nop_();
  25   1      }
  26          
  27          /**
  28          * 精确延时函数
  29          * delay(0):延时518us 误差:518-2*256=6
  30          * delay(1):延时7us
  31          * delay(10):延时25us    误差:25-20=5
  32          * delay(20):延时45us    误差:45-40=5
  33          * delay(100):延时205us 误差:205-200=5
  34          * delay(200):延时405us 误差:405-400=5
  35          *
  36          *@param x 延时时间
  37          *@return 
  38          */
  39          void delayx(INT16U x)
  40          {
  41   1              while(--x);
  42   1      }
  43          
  44          /***********AT89C51的主频一定要设为11.0592MHz*****/
  45          INT8U Init_DS18B20()//初始化和检测DS18B20
  46          {
  47   1              INT8U DQ_status;
  48   1              DQ=1; delay_us(15);//delay77us
  49   1              DQ=0; delay_us(450);//>delay480us
  50   1              DQ=1; delay_us(15);//>delay15us
  51   1              DQ_status=DQ; delay_ms(100);
  52   1              
  53   1              return DQ_status;
  54   1      }
  55          
C51 COMPILER V9.01   DS18B20TEMP                                                           11/04/2019 16:36:59 PAGE 2   

  56          
  57          INT8U Readonebyte()//读取DS18B20中的1个字节的数据
  58          {
  59   1              INT8U i,datatemp=0x00;
  60   1              
  61   1              for(i=0x01; i!=0x00; i<<=1)//100000000
  62   1              {
  63   2                      DQ=0; delay_us(1);  
  64   2                      DQ=1; delay_us(7);
  65   2                      if(DQ) datatemp=datatemp|i; 
  66   2                      delay_us(25); //此延时不能少，确保读时序的长度60us。
  67   2              }
  68   1              
  69   1              return datatemp;
  70   1      }
  71          
  72          void Writeonebyte(INT8U dat)//dat>>1 00001010 1CY ACC
  73          { 
  74   1              INT8U i;
  75   1              
  76   1              for(i=0; i<8; i++)
  77   1              {
  78   2                      DQ = 0; delay_us(1); 
  79   2                      dat=dat>>1;  //PSW
  80   2                      DQ = CY;
  81   2                      delayx(8);
  82   2                      DQ = 1;         
  83   2              }
  84   1      }
  85           
  86          INT8U Read_temperature()
  87          {
  88   1              if(Init_DS18B20()) return 0;
  89   1              else
  90   1              {
  91   2                      Writeonebyte(0xCC);//跳检序列号
  92   2                      Writeonebyte(0x44);//启动转换
  93   2                      Writeonebyte(0xBE);//读温度寄存器里的第0，1字节
  94   2                      tempValue[0] = Readonebyte(); 
  95   2                      tempValue[1] = Readonebyte();
  96   2                      return 1;
  97   2              }
  98   1      }
  99          
 100          
 101          
 102          
 103          
 104          
 105          
 106          
 107          
 108          
 109          
 110          
 111          
 112          
 113          
 114          
 115          
 116          
 117          
C51 COMPILER V9.01   DS18B20TEMP                                                           11/04/2019 16:36:59 PAGE 3   

 118          
 119          
 120          
 121          
 122          


MODULE INFORMATION:   STATIC OVERLAYABLE
   CODE SIZE        =    178    ----
   CONSTANT SIZE    =   ----    ----
   XDATA SIZE       =   ----    ----
   PDATA SIZE       =   ----    ----
   DATA SIZE        =      2       1
   IDATA SIZE       =   ----    ----
   BIT SIZE         =   ----    ----
END OF MODULE INFORMATION.


C51 COMPILATION COMPLETE.  0 WARNING(S),  0 ERROR(S)
