C51 COMPILER V9.01   DS18B20                                                               12/11/2019 12:20:35 PAGE 1   


C51 COMPILER V9.01, COMPILATION OF MODULE DS18B20
OBJECT MODULE PLACED IN DS18B20.OBJ
COMPILER INVOKED BY: C:\dev\Keil\C51\BIN\C51.EXE DS18B20.c BROWSE DEBUG OBJECTEXTEND

line level    source

   1          #include<reg51.h>
   2          #include<intrins.h>
   3          
   4          #define INT8U unsigned char
   5          #define INT16U unsigned int
   6          
   7          sbit DQ = P3^4;
   8          INT8U temperature_value[]={0x00, 0x00};
   9          
  10          void delay(INT16U x)
  11          {
  12   1              while(--x);
  13   1      }
  14          
  15          INT8U ds18b20_init()
  16          {
  17   1              INT8U status;
  18   1              DQ = 1; delay(8);
  19   1              DQ = 0; delay(90);
  20   1              DQ = 1; delay(5);
  21   1              
  22   1              status = DQ;
  23   1              delay(90);
  24   1              
  25   1              return status;
  26   1      }
  27          
  28          INT8U ds18b20_read_byte()
  29          {
  30   1              INT8U i, data8=0x00;
  31   1              
  32   1              for(i=0x01; i!=0x00; i<<=1)
  33   1              {
  34   2                      DQ=0; _nop_();
  35   2                      DQ=1; _nop_();
  36   2                      if(DQ)
  37   2                              data8 = data8|i;
  38   2                      delay(8);
  39   2              }
  40   1              
  41   1              return data8;
  42   1      } 
  43          
  44          void ds18b20_write(INT8U data8)
  45          {
  46   1              INT8U i;
  47   1              
  48   1              for(i=0; i<8; i++)
  49   1              {
  50   2                      DQ=1; _nop_();
  51   2                      DQ=0; _nop_();
  52   2                      data8 = data8>>1;
  53   2                      DQ = CY;
  54   2                      delay(8);
  55   2              }
C51 COMPILER V9.01   DS18B20                                                               12/11/2019 12:20:35 PAGE 2   

  56   1      }
  57          
  58          INT8U ds18b20_read_temperature()
  59          {
  60   1              if(ds18b20_init()) return 0;
  61   1              else
  62   1              {
  63   2                      ds18b20_write(0xCC);
  64   2                      ds18b20_write(0x44);
  65   2                      ds18b20_init();
  66   2                      ds18b20_write(0xCC);
  67   2                      ds18b20_write(0xBE);
  68   2                      temperature_value[0] = ds18b20_read_byte();
  69   2                      temperature_value[1] = ds18b20_read_byte();
  70   2                      return 1;
  71   2              }
  72   1      }


MODULE INFORMATION:   STATIC OVERLAYABLE
   CODE SIZE        =    151    ----
   CONSTANT SIZE    =   ----    ----
   XDATA SIZE       =   ----    ----
   PDATA SIZE       =   ----    ----
   DATA SIZE        =      2    ----
   IDATA SIZE       =   ----    ----
   BIT SIZE         =   ----    ----
END OF MODULE INFORMATION.


C51 COMPILATION COMPLETE.  0 WARNING(S),  0 ERROR(S)
