C51 COMPILER V9.01   MAINX                                                                 12/11/2019 12:19:54 PAGE 1   


C51 COMPILER V9.01, COMPILATION OF MODULE MAINX
OBJECT MODULE PLACED IN MainX.OBJ
COMPILER INVOKED BY: C:\dev\Keil\C51\BIN\C51.EXE MainX.c BROWSE DEBUG OBJECTEXTEND

line level    source

   1          #include<reg51.h>
   2          #include<stdio.h>
   3          #include<intrins.h>
   4          #include<string.h>
   5          #include<stdlib.h>
   6          
   7          #define INT8U unsigned char
   8          #define INT16U unsigned int
   9          
  10          INT8U temp_buff[17];
  11          extern INT8U temperature_value[];
  12          extern void delay_ms(INT16U x);
  13          extern void LCD_Initialize();
  14          extern void LCD_String(INT8U r,INT8U c,INT8U *str);
  15          extern INT8U ds18b20_read_temperature();
  16          
  17          void main()
  18          {
  19   1              float tempV = 0.0;
  20   1              LCD_Initialize();
  21   1              LCD_String(0, 0, " DS18B20 Project");
  22   1              LCD_String(1, 0, "    waiting.....");
  23   1              ds18b20_read_temperature();
  24   1              delay_ms(1000);
  25   1              
  26   1              //LCD_String(1, 0, "    cccting.....");
  27   1              
  28   1              while(1)
  29   1              {
  30   2                      if(ds18b20_read_temperature())
  31   2                      {
  32   3                              //LCD_String(1, 0, "    dddting.....");
  33   3                              tempV =(((int)temperature_value[1]<<8)|((int)temperature_value[0]))*0.0625;
  34   3                              sprintf(temp_buff, "  temp: %5.2f\xDF\x43", tempV);
  35   3                              LCD_String(1, 0, temp_buff);
  36   3                      }
  37   2                      delay_ms(50);
  38   2              }
  39   1      }


MODULE INFORMATION:   STATIC OVERLAYABLE
   CODE SIZE        =    128    ----
   CONSTANT SIZE    =     50    ----
   XDATA SIZE       =   ----    ----
   PDATA SIZE       =   ----    ----
   DATA SIZE        =     17       4
   IDATA SIZE       =   ----    ----
   BIT SIZE         =   ----    ----
END OF MODULE INFORMATION.


C51 COMPILATION COMPLETE.  0 WARNING(S),  0 ERROR(S)
