C51 COMPILER V9.01   74HC595                                                               11/18/2019 11:50:23 PAGE 1   


C51 COMPILER V9.01, COMPILATION OF MODULE 74HC595
OBJECT MODULE PLACED IN 74HC595.OBJ
COMPILER INVOKED BY: C:\dev\Keil\C51\BIN\C51.EXE 74HC595.c BROWSE DEBUG OBJECTEXTEND

line level    source

   1          #include<reg51.h>
   2          #include<intrins.h>
   3          #include<string.h>
   4          #include<stdio.h>
   5          
   6          #define INT8U unsigned char
   7          #define INT16U unsigned int
   8          #define INT32U unsigned long
   9          
  10          sbit DS = P3^5; //数据串行输入端
  11          sbit SH_CP = P3^6; //数据串行输入移位时钟信号，上升沿有效
  12          sbit ST_CP = P3^7; //数据并行输出时钟信号，上升沿有效
  13          
  14          void serialInputData(INT8U dat)
  15          {
  16   1              INT8U i = 0;
  17   1              for(i=0; i<8; i++)
  18   1              {
  19   2                      if(dat&0x80) //1000_0000
  20   2                              DS=1;
  21   2                      else
  22   2                              DS=0;
  23   2                      
  24   2                      dat=dat<<1;
  25   2                      SH_CP=0; _nop_();_nop_();
  26   2                      SH_CP=1; _nop_();_nop_();
  27   2              }
  28   1              SH_CP=0; _nop_();_nop_();
  29   1      }
  30          
  31          void paralledOutputData()
  32          {
  33   1              ST_CP=0; _nop_();_nop_();
  34   1              ST_CP=1; _nop_();_nop_();
  35   1              ST_CP=0; _nop_();_nop_();       
  36   1      }
  37          
  38          
  39          
  40          
  41          


MODULE INFORMATION:   STATIC OVERLAYABLE
   CODE SIZE        =     46    ----
   CONSTANT SIZE    =   ----    ----
   XDATA SIZE       =   ----    ----
   PDATA SIZE       =   ----    ----
   DATA SIZE        =   ----    ----
   IDATA SIZE       =   ----    ----
   BIT SIZE         =   ----    ----
END OF MODULE INFORMATION.


C51 COMPILATION COMPLETE.  0 WARNING(S),  0 ERROR(S)
