C51 COMPILER V9.01   ADC0832X                                                              11/18/2019 11:50:23 PAGE 1   


C51 COMPILER V9.01, COMPILATION OF MODULE ADC0832X
OBJECT MODULE PLACED IN ADC0832X.OBJ
COMPILER INVOKED BY: C:\dev\Keil\C51\BIN\C51.EXE ADC0832X.c BROWSE DEBUG OBJECTEXTEND

line level    source

   1          #include<reg51.h>          
   2          #include<intrins.h>   
   3          #include<string.h>     
   4          #include<stdio.h>
   5          
   6          #define INT8U  unsigned char
   7          #define INT16U unsigned int
   8          #define INT32U unsigned long
   9          
  10          sbit CS=P0^2;     
  11          sbit CLK=P0^1;       
  12          sbit DIO=P0^0;
  13          
  14          INT8U Get_AD_Result()
  15          {        
  16   1              INT8U i=0,dat1=0x00,dat2=0x00;
  17   1              CS=0;//片选
  18   1              CLK=0;_nop_();_nop_();
  19   1              DIO=1;//启动0832
  20   1              CLK=1;_nop_();_nop_();  
  21   1      
  22   1      
  23   1              CLK=0;_nop_();_nop_();
  24   1              DIO=1;//选择单通道还是双通道
  25   1              CLK=1;_nop_();_nop_();
  26   1      
  27   1              CLK=0;_nop_();_nop_();
  28   1              DIO=0;//选择0还是1通道
  29   1              CLK=1;_nop_();_nop_();
  30   1      
  31   1              CLK=0; DIO=1;_nop_();_nop_(); //释放总线，准备采集
  32   1              for(i=0;i<8;i++)//下降沿采集数据，从高位到低位
  33   1              {
  34   2                      CLK=1;_nop_();_nop_(); 
  35   2                      CLK=0; _nop_();_nop_();
  36   2                      dat1=(dat1<<1)|((INT8U)DIO);
  37   2              }       
  38   1              for(i=0;i<8;i++)//下降沿采集数据，从低位到高位
  39   1              {
  40   2                      dat2=(dat2)|(((INT8U)DIO)<<i);  
  41   2                      CLK=1;_nop_();_nop_(); 
  42   2                      CLK=0; _nop_();_nop_();
  43   2              }
  44   1              _nop_();_nop_();
  45   1              CS=1;//0832片选结束
  46   1              if(dat2==dat1)  //如果两个数据相等，就输出
  47   1                      return dat1;
  48   1              else
  49   1                      return 0;
  50   1      }//5v 255       126 3.24 324
  51          /*
  52          INT16U Digit_Convert_Analog(INT8U dat)
  53          {
  54                  INT16U AnalogValue=0x0000;//   x*500/256=y
  55                  AnalogValue=(INT16U)((dat*500.0)/256.0);
C51 COMPILER V9.01   ADC0832X                                                              11/18/2019 11:50:23 PAGE 2   

  56                  return AnalogValue;
  57          }
  58          */


MODULE INFORMATION:   STATIC OVERLAYABLE
   CODE SIZE        =    108    ----
   CONSTANT SIZE    =   ----    ----
   XDATA SIZE       =   ----    ----
   PDATA SIZE       =   ----    ----
   DATA SIZE        =   ----    ----
   IDATA SIZE       =   ----    ----
   BIT SIZE         =   ----    ----
END OF MODULE INFORMATION.


C51 COMPILATION COMPLETE.  0 WARNING(S),  0 ERROR(S)
