C51 COMPILER V9.01   MAINX                                                                 12/22/2019 16:02:29 PAGE 1   


C51 COMPILER V9.01, COMPILATION OF MODULE MAINX
OBJECT MODULE PLACED IN mainX.OBJ
COMPILER INVOKED BY: C:\dev\Keil\C51\BIN\C51.EXE mainX.c BROWSE DEBUG OBJECTEXTEND

line level    source

   1          #include<reg51.h>          
   2          #include<intrins.h>   
   3          #include<string.h>     
   4          #include<stdio.h>
   5          
   6          #define INT8U  unsigned char
   7          #define INT16U unsigned int
   8          #define INT32U unsigned long
   9          #define MC 1388
  10          #define BC -5
  11          #define KC 2
  12          
  13          INT8U code segment7[] = {0x3f,0x06,0x5b,0x4f,0x66,0x6d,0x7d,0x07,0x7f,0x6f};
  14          INT8U numstr[4];
  15          sbit beeppin = P1^0;
  16          
  17          extern INT8U Get_AD_Result();
  18          extern void serialInputData(INT8U dat);
  19          extern void paralledOutputData();
  20          
  21          void beep()
  22          {
  23   1              INT8U i=0, j=150;
  24   1              beeppin = 1;
  25   1              for(i=0; i<60; i++)
  26   1              {
  27   2                      beeppin = !beeppin;
  28   2                      j=150;
  29   2                      while(j--);
  30   2              }
  31   1      }
  32          
  33          float getDistance()
  34          {
  35   1              float d=0.00, sum=0, avg=0;
  36   1              INT8U i=0;
  37   1              
  38   1              for(i=0; i<10; i++)
  39   1              {
  40   2                      sum = sum + Get_AD_Result();
  41   2              }
  42   1              avg = (INT8U)(sum/10.0);
  43   1              d = ( (MC*1.0) / ((avg+BC)*1.0) ) - (KC*1.0);
  44   1              return d;
  45   1      }
  46          
  47          void distance2numstr(float d)
  48          {
  49   1              INT16U dis = (INT16U)(d*10); 
  50   1              numstr[0] = dis/100+'0';
  51   1              numstr[1] = ((dis/10)%10)+'0';
  52   1              numstr[2] = dis%10+'0';
  53   1      }
  54          
  55          void main()
C51 COMPILER V9.01   MAINX                                                                 12/22/2019 16:02:29 PAGE 2   

  56          {
  57   1              float dis = 0;
  58   1              while(1)
  59   1              {
  60   2                      dis = getDistance();
  61   2                      if(dis<30)
  62   2                              beep();
  63   2                      distance2numstr(dis);
  64   2                      serialInputData(~segment7[numstr[2]-'0']);
  65   2                      serialInputData((~segment7[numstr[1]-'0'])&0x7F);
  66   2                      serialInputData(~segment7[numstr[0]-'0']);
  67   2                      paralledOutputData();
  68   2              }
  69   1      }


MODULE INFORMATION:   STATIC OVERLAYABLE
   CODE SIZE        =    370    ----
   CONSTANT SIZE    =     10    ----
   XDATA SIZE       =   ----    ----
   PDATA SIZE       =   ----    ----
   DATA SIZE        =      4      21
   IDATA SIZE       =   ----    ----
   BIT SIZE         =   ----    ----
END OF MODULE INFORMATION.


C51 COMPILATION COMPLETE.  0 WARNING(S),  0 ERROR(S)
