C51 COMPILER V9.01   DS18B20                                                               11/11/2019 11:47:31 PAGE 1   


C51 COMPILER V9.01, COMPILATION OF MODULE DS18B20
OBJECT MODULE PLACED IN DS18B20.OBJ
COMPILER INVOKED BY: C:\dev\Keil\C51\BIN\C51.EXE DS18B20.c BROWSE DEBUG OBJECTEXTEND

line level    source

   1          #include<reg51.h>//register
   2          #include<intrins.h>//_nop_() _crol_()
   3          #define INT8U unsigned char
   4          #define INT16U unsigned int
   5          #define delay4us();     {_nop_();_nop_();_nop_();_nop_();}
   6          extern void delay_ms(INT16U x);
   7          sbit DQ=P3^3;
   8          INT8U Temp_Value[]={0x00,0x00}; //温度数据的低8位与高8位
   9          
  10          /*
  11          void delay_ms(INT16U x)
  12          {
  13                  INT8U i;
  14                  while(x--)
  15                  {
  16                          for(i=0;i<120;i++);
  17                  }
  18          }
  19          */
  20          
  21          void delayx(INT16U x)
  22          {
  23   1              while(x--);
  24   1      }
  25          
  26          /***********AT89C51的主频一定要设为11.0592MHz*****/
  27          INT8U Init_DS18B20()//初始化和检测DS18B20
  28          {
  29   1              INT8U DQ_status;
  30   1              DQ=1; delayx(8);//delay77us
  31   1              DQ=0; delayx(90);//>delay480us
  32   1              DQ=1; delayx(5);//>delay15us
  33   1              DQ_status=DQ; delayx(90);
  34   1              return DQ_status;
  35   1      }
  36          
  37          INT8U Readonebyte()//读取DS18B20中的1个字节的数据
  38          {
  39   1              INT8U i,datatemp=0x00;
  40   1              for(i=0x01;i!=0x00;i<<=1)//100000000
  41   1              {
  42   2                      DQ=0;_nop_();  
  43   2                      DQ=1;_nop_();
  44   2                      if(DQ) datatemp=datatemp|i; 
  45   2                      delayx(8);
  46   2              }
  47   1              return datatemp;
  48   1      }
  49          
  50          void Writeonebyte(INT8U dat)//dat>>1 00001010 1CY ACC
  51          { 
  52   1              INT8U i;
  53   1              for(i=0;i<8;i++)
  54   1              {
  55   2                      DQ=1;_nop_(); 
C51 COMPILER V9.01   DS18B20                                                               11/11/2019 11:47:31 PAGE 2   

  56   2                      DQ=0;_nop_();
  57   2                      dat=dat>>1;  //PSW
  58   2                      DQ=CY;
  59   2                      delayx(8); 
  60   2              }
  61   1      }
  62          
  63          INT8U Read_temperature()
  64          {
  65   1              if(Init_DS18B20()==1) return 0;
  66   1              else
  67   1              {
  68   2                      Writeonebyte(0xCC);//跳检序列号
  69   2                      Writeonebyte(0x44);//启动转换
  70   2                      Init_DS18B20(); 
  71   2                      Writeonebyte(0xCC);//跳检序列号 因为只有一个DS18B20
  72   2                      Writeonebyte(0xBE);//读温度寄存器里的第0，1字节
  73   2                      Temp_Value[0]=Readonebyte(); 
  74   2                      Temp_Value[1]=Readonebyte();
  75   2                      return 1;
  76   2              }
  77   1      }
  78          


MODULE INFORMATION:   STATIC OVERLAYABLE
   CODE SIZE        =    152    ----
   CONSTANT SIZE    =   ----    ----
   XDATA SIZE       =   ----    ----
   PDATA SIZE       =   ----    ----
   DATA SIZE        =      2    ----
   IDATA SIZE       =   ----    ----
   BIT SIZE         =   ----    ----
END OF MODULE INFORMATION.


C51 COMPILATION COMPLETE.  0 WARNING(S),  0 ERROR(S)
